  % Total    % Received % Xferd  Average Speed   Time    Time     Time  Current
                                 Dload  Upload   Total   Spent    Left  Speed
  0     0    0     0    0     0      0      0 --:--:-- --:--:-- --:--:--     0*   Trying 52.91.64.111:80...
* Connected to ec2-52-91-64-111.compute-1.amazonaws.com (52.91.64.111) port 80 (#0)
> GET / HTTP/1.1
> Host: ec2-52-91-64-111.compute-1.amazonaws.com
> User-Agent: curl/7.80.0
> Accept: */*
> Cookie: login=eyJ1c2VybmFtZSI6ImF3ZGVvcmlvIn0.YhJXKg.Uk63BIgXOxuUqDOVrRnHsQeR7hY
> 
* Mark bundle as not supporting multiuse
< HTTP/1.1 200 OK
< Server: nginx/1.18.0 (Ubuntu)
< Date: Sun, 20 Feb 2022 14:59:41 GMT
< Content-Type: text/html; charset=utf-8
< Content-Length: 1459
< Connection: keep-alive
< Vary: Cookie
< 
{ [1459 bytes data]
100  1459  100  1459    0     0   4397      0 --:--:-- --:--:-- --:--:--  4407
* Connection #0 to host ec2-52-91-64-111.compute-1.amazonaws.com left intact
